<?xml version="1.0" encoding="UTF-8"?>
<testng-results ignored="0" total="1" passed="1" failed="0" skipped="0">
  <reporter-output>
  </reporter-output>
  <suite started-at="2026-01-19T00:00:18 IST" name="Default suite" finished-at="2026-01-19T00:00:32 IST" duration-ms="13553">
    <groups>
    </groups>
    <test started-at="2026-01-19T00:00:18 IST" name="Default test" finished-at="2026-01-19T00:00:32 IST" duration-ms="13553">
      <class name="day4.JSONResponse_SearchingSpecificElement">
        <test-method signature="testJSONResponseBody()[pri:1, instance:day4.JSONResponse_SearchingSpecificElement@20140db9]" started-at="2026-01-19T00:00:18 IST" name="testJSONResponseBody" finished-at="2026-01-19T00:00:32 IST" duration-ms="13456" status="PASS">
          <reporter-output>
          </reporter-output>
        </test-method> <!-- testJSONResponseBody -->
      </class> <!-- day4.JSONResponse_SearchingSpecificElement -->
    </test> <!-- Default test -->
  </suite> <!-- Default suite -->
</testng-results>
