<?xml version="1.0" encoding="UTF-8"?>
<testng-results ignored="0" total="1" passed="1" failed="0" skipped="0">
  <reporter-output>
  </reporter-output>
  <suite started-at="2026-01-29T00:50:08 IST" name="Default suite" finished-at="2026-01-29T00:50:13 IST" duration-ms="4771">
    <groups>
    </groups>
    <test started-at="2026-01-29T00:50:08 IST" name="Default test" finished-at="2026-01-29T00:50:13 IST" duration-ms="4771">
      <class name="day3.LoggingDemo">
        <test-method signature="testCookies()[pri:0, instance:day3.LoggingDemo@20140db9]" started-at="2026-01-29T00:50:08 IST" name="testCookies" finished-at="2026-01-29T00:50:13 IST" duration-ms="4688" status="PASS">
          <reporter-output>
          </reporter-output>
        </test-method> <!-- testCookies -->
      </class> <!-- day3.LoggingDemo -->
    </test> <!-- Default test -->
  </suite> <!-- Default suite -->
</testng-results>
