<?xml version="1.0" encoding="UTF-8"?>
<!-- Generated by org.testng.reporters.JUnitReportReporter -->
<testsuite hostname="DESKTOP-LC4NJQA" failures="0" tests="4" name="day1.HTTPMethods" time="8.483" errors="0" timestamp="2026-04-29T15:20:57 IST" skipped="0">
  <testcase classname="day1.HTTPMethods" name="getRequest" time="5.260"/>
  <testcase classname="day1.HTTPMethods" name="createUser" time="1.499"/>
  <testcase classname="day1.HTTPMethods" name="updateUser" time="1.227"/>
  <testcase classname="day1.HTTPMethods" name="deleteUser" time="0.497"/>
</testsuite> <!-- day1.HTTPMethods -->
