<?xml version="1.0" encoding="UTF-8"?>
<!-- Generated by org.testng.reporters.JUnitReportReporter -->
<testsuite hostname="DESKTOP-LC4NJQA" failures="0" tests="4" name="day1.HTTPMethods" time="9.278" errors="0" timestamp="2026-01-27T00:01:34 IST" skipped="0">
  <testcase classname="day1.HTTPMethods" name="getRequest" time="5.662"/>
  <testcase classname="day1.HTTPMethods" name="createUser" time="1.381"/>
  <testcase classname="day1.HTTPMethods" name="updateUser" time="1.347"/>
  <testcase classname="day1.HTTPMethods" name="deleteUser" time="0.888"/>
</testsuite> <!-- day1.HTTPMethods -->
