<?xml version="1.0" encoding="UTF-8"?>
<!-- Generated by org.testng.reporters.JUnitReportReporter -->
<testsuite hostname="DESKTOP-LC4NJQA" failures="0" tests="2" name="day2.PostRequestWays_Practice" time="7.395" errors="0" timestamp="2026-01-26T23:43:40 IST" skipped="0">
  <testcase classname="day2.PostRequestWays_Practice" name="createUserData1" time="6.331"/>
  <testcase classname="day2.PostRequestWays_Practice" name="deleteUserData" time="1.064"/>
</testsuite> <!-- day2.PostRequestWays_Practice -->
