<?xml version="1.0" encoding="UTF-8"?>
<!-- Generated by org.testng.reporters.JUnitReportReporter -->
<testsuite hostname="DESKTOP-LC4NJQA" failures="0" tests="4" name="day1.GetRequest" time="8.033" errors="0" timestamp="2026-01-06T00:49:03 IST" skipped="0">
  <testcase classname="day1.GetRequest" name="getRequest" time="3.965"/>
  <testcase classname="day1.GetRequest" name="createUser" time="1.658"/>
  <testcase classname="day1.GetRequest" name="updateUser" time="1.385"/>
  <testcase classname="day1.GetRequest" name="deleteUser" time="1.025"/>
</testsuite> <!-- day1.GetRequest -->
