<?xml version="1.0" encoding="UTF-8"?>
<!-- Generated by org.testng.reporters.JUnitReportReporter -->
<testsuite hostname="DESKTOP-LC4NJQA" failures="0" tests="2" name="day2.PostRequestWays_JSONObject" time="7.028" errors="0" timestamp="2026-01-27T00:06:24 IST" skipped="0">
  <testcase classname="day2.PostRequestWays_JSONObject" name="createUserData1" time="6.012"/>
  <testcase classname="day2.PostRequestWays_JSONObject" name="deleteUSeerData" time="1.016"/>
</testsuite> <!-- day2.PostRequestWays_JSONObject -->
